<?xml version="1.0" encoding="UTF-8" ?>
<testsuite tests="2" failures="0" name="com.dscomm.common.redisTest" time="10.074" errors="2" skipped="0">
  <properties>
    <property name="java.runtime.name" value="Java(TM) SE Runtime Environment"/>
    <property name="sun.boot.library.path" value="C:\Program Files\Java\jre1.8.0_91\bin"/>
    <property name="java.vm.version" value="25.91-b15"/>
    <property name="java.vm.vendor" value="Oracle Corporation"/>
    <property name="maven.multiModuleProjectDirectory" value="D:\WorkSpace-Github\afp-j\ds-afp"/>
    <property name="java.vendor.url" value="http://java.oracle.com/"/>
    <property name="path.separator" value=";"/>
    <property name="guice.disable.misplaced.annotation.check" value="true"/>
    <property name="java.vm.name" value="Java HotSpot(TM) 64-Bit Server VM"/>
    <property name="file.encoding.pkg" value="sun.io"/>
    <property name="user.script" value=""/>
    <property name="user.country" value="CN"/>
    <property name="sun.java.launcher" value="SUN_STANDARD"/>
    <property name="sun.os.patch.level" value=""/>
    <property name="java.vm.specification.name" value="Java Virtual Machine Specification"/>
    <property name="user.dir" value="D:\WorkSpace-Github\afp-j\ds-afp"/>
    <property name="java.runtime.version" value="1.8.0_91-b15"/>
    <property name="java.awt.graphicsenv" value="sun.awt.Win32GraphicsEnvironment"/>
    <property name="java.endorsed.dirs" value="C:\Program Files\Java\jre1.8.0_91\lib\endorsed"/>
    <property name="os.arch" value="amd64"/>
    <property name="java.io.tmpdir" value="C:\Users\ADMINI~1\AppData\Local\Temp\"/>
    <property name="line.separator" value="
"/>
    <property name="java.vm.specification.vendor" value="Oracle Corporation"/>
    <property name="user.variant" value=""/>
    <property name="os.name" value="Windows 10"/>
    <property name="classworlds.conf" value="D:\WorkSpace-Github\.metadata\.plugins\org.eclipse.m2e.launching\launches\m2conf5664919980985494812.tmp"/>
    <property name="sun.jnu.encoding" value="GBK"/>
    <property name="java.library.path" value="C:\Program Files\Java\jre1.8.0_91\bin;C:\Windows\Sun\Java\bin;C:\Windows\system32;C:\Windows;C:/Program Files/Java/jre1.8.0_91/bin/server;C:/Program Files/Java/jre1.8.0_91/bin;C:/Program Files/Java/jre1.8.0_91/lib/amd64;D:\app\Administrator\product\11.2.0\client_1\bin;D:\oracle\product\10.2.0\client_1\bin;C:\ProgramData\Oracle\Java\javapath;C:\Windows\system32;C:\Windows;C:\Windows\System32\Wbem;C:\Windows\System32\WindowsPowerShell\v1.0\;C:\Program Files (x86)\Windows Kits\10\Windows Performance Toolkit\;C:\Program Files\Microsoft SQL Server\130\Tools\Binn\;C:\Program Files\dotnet\;C:\Program Files\Java\jdk1.8.0_91/jre/bin;C:\Program Files\TortoiseSVN\bin;C:\Program Files (x86)\Xoreax\IncrediBuild;D:\Program Files\nodejs\;D:\Program Files\VisualSVN Server\bin;C:\Program Files\Git\cmd;D:\ProgramFiles\apache-maven-3.3.9\bin;C:\Users\Administrator\AppData\Roaming\npm;d:\Program Files\Microsoft VS Code\bin;C:\;;D:\SoftWare\eclipse-jee-neon-R-win32-x86_64\eclipse;;."/>
    <property name="java.specification.name" value="Java Platform API Specification"/>
    <property name="java.class.version" value="52.0"/>
    <property name="sun.management.compiler" value="HotSpot 64-Bit Tiered Compilers"/>
    <property name="os.version" value="10.0"/>
    <property name="user.home" value="C:\Users\Administrator"/>
    <property name="user.timezone" value="Asia/Shanghai"/>
    <property name="java.awt.printerjob" value="sun.awt.windows.WPrinterJob"/>
    <property name="java.specification.version" value="1.8"/>
    <property name="file.encoding" value="GBK"/>
    <property name="user.name" value="Administrator"/>
    <property name="java.class.path" value="/D:/SoftWare/eclipse-jee-neon-R-win32-x86_64/eclipse/plugins/org.eclipse.m2e.maven.runtime_1.7.0.20160603-1931/jars/plexus-classworlds-2.5.2.jar"/>
    <property name="java.vm.specification.version" value="1.8"/>
    <property name="sun.arch.data.model" value="64"/>
    <property name="java.home" value="C:\Program Files\Java\jre1.8.0_91"/>
    <property name="sun.java.command" value="org.codehaus.plexus.classworlds.launcher.Launcher -B -s D:\MavenStore\conf\settings_192.168.0.51.xml package"/>
    <property name="java.specification.vendor" value="Oracle Corporation"/>
    <property name="user.language" value="zh"/>
    <property name="awt.toolkit" value="sun.awt.windows.WToolkit"/>
    <property name="java.vm.info" value="mixed mode"/>
    <property name="java.version" value="1.8.0_91"/>
    <property name="java.ext.dirs" value="C:\Program Files\Java\jre1.8.0_91\lib\ext;C:\Windows\Sun\Java\lib\ext"/>
    <property name="sun.boot.class.path" value="C:\Program Files\Java\jre1.8.0_91\lib\resources.jar;C:\Program Files\Java\jre1.8.0_91\lib\rt.jar;C:\Program Files\Java\jre1.8.0_91\lib\sunrsasign.jar;C:\Program Files\Java\jre1.8.0_91\lib\jsse.jar;C:\Program Files\Java\jre1.8.0_91\lib\jce.jar;C:\Program Files\Java\jre1.8.0_91\lib\charsets.jar;C:\Program Files\Java\jre1.8.0_91\lib\jfr.jar;C:\Program Files\Java\jre1.8.0_91\classes"/>
    <property name="java.vendor" value="Oracle Corporation"/>
    <property name="maven.home" value="D:\WorkSpace-Github\afp-j\ds-afp\EMBEDDED"/>
    <property name="file.separator" value="\"/>
    <property name="java.vendor.url.bug" value="http://bugreport.sun.com/bugreport/"/>
    <property name="sun.cpu.endian" value="little"/>
    <property name="sun.io.unicode.encoding" value="UnicodeLittle"/>
    <property name="sun.desktop" value="windows"/>
    <property name="sun.cpu.isalist" value="amd64"/>
  </properties>
  <testcase classname="com.dscomm.common.redisTest" name="testLoop" time="5.051">
    <error message="All sentinels down, cannot determine where is mymaster master is running..." type="redis.clients.jedis.exceptions.JedisConnectionException">redis.clients.jedis.exceptions.JedisConnectionException: All sentinels down, cannot determine where is mymaster master is running...
	at redis.clients.jedis.JedisSentinelPool.initSentinels(JedisSentinelPool.java:180)
	at redis.clients.jedis.JedisSentinelPool.&lt;init&gt;(JedisSentinelPool.java:95)
	at redis.clients.jedis.JedisSentinelPool.&lt;init&gt;(JedisSentinelPool.java:82)
	at redis.clients.jedis.JedisSentinelPool.&lt;init&gt;(JedisSentinelPool.java:70)
	at redis.clients.jedis.JedisSentinelPool.&lt;init&gt;(JedisSentinelPool.java:54)
	at redis.clients.jedis.JedisSentinelPool.&lt;init&gt;(JedisSentinelPool.java:49)
	at com.dscomm.common.ThreadRedis.init(ThreadRedis.java:21)
	at com.dscomm.common.redisTest.testLoop(redisTest.java:32)
	at sun.reflect.NativeMethodAccessorImpl.invoke0(Native Method)
	at sun.reflect.NativeMethodAccessorImpl.invoke(Unknown Source)
	at sun.reflect.DelegatingMethodAccessorImpl.invoke(Unknown Source)
	at java.lang.reflect.Method.invoke(Unknown Source)
	at org.junit.runners.model.FrameworkMethod$1.runReflectiveCall(FrameworkMethod.java:50)
	at org.junit.internal.runners.model.ReflectiveCallable.run(ReflectiveCallable.java:12)
	at org.junit.runners.model.FrameworkMethod.invokeExplosively(FrameworkMethod.java:47)
	at org.junit.internal.runners.statements.InvokeMethod.evaluate(InvokeMethod.java:17)
	at org.junit.runners.ParentRunner.runLeaf(ParentRunner.java:325)
	at org.junit.runners.BlockJUnit4ClassRunner.runChild(BlockJUnit4ClassRunner.java:78)
	at org.junit.runners.BlockJUnit4ClassRunner.runChild(BlockJUnit4ClassRunner.java:57)
	at org.junit.runners.ParentRunner$3.run(ParentRunner.java:290)
	at org.junit.runners.ParentRunner$1.schedule(ParentRunner.java:71)
	at org.junit.runners.ParentRunner.runChildren(ParentRunner.java:288)
	at org.junit.runners.ParentRunner.access$000(ParentRunner.java:58)
	at org.junit.runners.ParentRunner$2.evaluate(ParentRunner.java:268)
	at org.junit.runners.ParentRunner.run(ParentRunner.java:363)
	at org.apache.maven.surefire.junit4.JUnit4Provider.execute(JUnit4Provider.java:252)
	at org.apache.maven.surefire.junit4.JUnit4Provider.executeTestSet(JUnit4Provider.java:141)
	at org.apache.maven.surefire.junit4.JUnit4Provider.invoke(JUnit4Provider.java:112)
	at sun.reflect.NativeMethodAccessorImpl.invoke0(Native Method)
	at sun.reflect.NativeMethodAccessorImpl.invoke(Unknown Source)
	at sun.reflect.DelegatingMethodAccessorImpl.invoke(Unknown Source)
	at java.lang.reflect.Method.invoke(Unknown Source)
	at org.apache.maven.surefire.util.ReflectionUtils.invokeMethodWithArray(ReflectionUtils.java:189)
	at org.apache.maven.surefire.booter.ProviderFactory$ProviderProxy.invoke(ProviderFactory.java:165)
	at org.apache.maven.surefire.booter.ProviderFactory.invokeProvider(ProviderFactory.java:85)
	at org.apache.maven.surefire.booter.ForkedBooter.runSuitesInProcess(ForkedBooter.java:115)
	at org.apache.maven.surefire.booter.ForkedBooter.main(ForkedBooter.java:75)
</error>
    <system-err>十一月 22, 2018 10:54:44 上午 redis.clients.jedis.JedisSentinelPool initSentinels
信息: Trying to find master from available Sentinels...
十一月 22, 2018 10:54:46 上午 redis.clients.jedis.JedisSentinelPool initSentinels
警告: Cannot get master address from sentinel running @ 192.168.6.207:26379. Reason: redis.clients.jedis.exceptions.JedisConnectionException: java.net.SocketTimeoutException: connect timed out. Trying next one.
十一月 22, 2018 10:54:48 上午 redis.clients.jedis.JedisSentinelPool initSentinels
警告: Cannot get master address from sentinel running @ 192.168.6.206:26379. Reason: redis.clients.jedis.exceptions.JedisConnectionException: java.net.SocketTimeoutException: connect timed out. Trying next one.
十一月 22, 2018 10:54:49 上午 redis.clients.jedis.JedisSentinelPool initSentinels
警告: Cannot get master address from sentinel running @ 192.168.6.205:26379. Reason: redis.clients.jedis.exceptions.JedisConnectionException: java.net.ConnectException: Connection refused: connect. Trying next one.
</system-err>
  </testcase>
  <testcase classname="com.dscomm.common.redisTest" name="test" time="5.023">
    <error message="All sentinels down, cannot determine where is mymaster master is running..." type="redis.clients.jedis.exceptions.JedisConnectionException">redis.clients.jedis.exceptions.JedisConnectionException: All sentinels down, cannot determine where is mymaster master is running...
	at redis.clients.jedis.JedisSentinelPool.initSentinels(JedisSentinelPool.java:180)
	at redis.clients.jedis.JedisSentinelPool.&lt;init&gt;(JedisSentinelPool.java:95)
	at redis.clients.jedis.JedisSentinelPool.&lt;init&gt;(JedisSentinelPool.java:82)
	at redis.clients.jedis.JedisSentinelPool.&lt;init&gt;(JedisSentinelPool.java:70)
	at redis.clients.jedis.JedisSentinelPool.&lt;init&gt;(JedisSentinelPool.java:54)
	at redis.clients.jedis.JedisSentinelPool.&lt;init&gt;(JedisSentinelPool.java:49)
	at com.dscomm.common.redisTest.init(redisTest.java:24)
	at com.dscomm.common.redisTest.test(redisTest.java:49)
	at sun.reflect.NativeMethodAccessorImpl.invoke0(Native Method)
	at sun.reflect.NativeMethodAccessorImpl.invoke(Unknown Source)
	at sun.reflect.DelegatingMethodAccessorImpl.invoke(Unknown Source)
	at java.lang.reflect.Method.invoke(Unknown Source)
	at org.junit.runners.model.FrameworkMethod$1.runReflectiveCall(FrameworkMethod.java:50)
	at org.junit.internal.runners.model.ReflectiveCallable.run(ReflectiveCallable.java:12)
	at org.junit.runners.model.FrameworkMethod.invokeExplosively(FrameworkMethod.java:47)
	at org.junit.internal.runners.statements.InvokeMethod.evaluate(InvokeMethod.java:17)
	at org.junit.runners.ParentRunner.runLeaf(ParentRunner.java:325)
	at org.junit.runners.BlockJUnit4ClassRunner.runChild(BlockJUnit4ClassRunner.java:78)
	at org.junit.runners.BlockJUnit4ClassRunner.runChild(BlockJUnit4ClassRunner.java:57)
	at org.junit.runners.ParentRunner$3.run(ParentRunner.java:290)
	at org.junit.runners.ParentRunner$1.schedule(ParentRunner.java:71)
	at org.junit.runners.ParentRunner.runChildren(ParentRunner.java:288)
	at org.junit.runners.ParentRunner.access$000(ParentRunner.java:58)
	at org.junit.runners.ParentRunner$2.evaluate(ParentRunner.java:268)
	at org.junit.runners.ParentRunner.run(ParentRunner.java:363)
	at org.apache.maven.surefire.junit4.JUnit4Provider.execute(JUnit4Provider.java:252)
	at org.apache.maven.surefire.junit4.JUnit4Provider.executeTestSet(JUnit4Provider.java:141)
	at org.apache.maven.surefire.junit4.JUnit4Provider.invoke(JUnit4Provider.java:112)
	at sun.reflect.NativeMethodAccessorImpl.invoke0(Native Method)
	at sun.reflect.NativeMethodAccessorImpl.invoke(Unknown Source)
	at sun.reflect.DelegatingMethodAccessorImpl.invoke(Unknown Source)
	at java.lang.reflect.Method.invoke(Unknown Source)
	at org.apache.maven.surefire.util.ReflectionUtils.invokeMethodWithArray(ReflectionUtils.java:189)
	at org.apache.maven.surefire.booter.ProviderFactory$ProviderProxy.invoke(ProviderFactory.java:165)
	at org.apache.maven.surefire.booter.ProviderFactory.invokeProvider(ProviderFactory.java:85)
	at org.apache.maven.surefire.booter.ForkedBooter.runSuitesInProcess(ForkedBooter.java:115)
	at org.apache.maven.surefire.booter.ForkedBooter.main(ForkedBooter.java:75)
</error>
    <system-err>十一月 22, 2018 10:54:49 上午 redis.clients.jedis.JedisSentinelPool initSentinels
信息: Trying to find master from available Sentinels...
十一月 22, 2018 10:54:51 上午 redis.clients.jedis.JedisSentinelPool initSentinels
警告: Cannot get master address from sentinel running @ 192.168.6.207:26379. Reason: redis.clients.jedis.exceptions.JedisConnectionException: java.net.SocketTimeoutException: connect timed out. Trying next one.
十一月 22, 2018 10:54:53 上午 redis.clients.jedis.JedisSentinelPool initSentinels
警告: Cannot get master address from sentinel running @ 192.168.6.206:26379. Reason: redis.clients.jedis.exceptions.JedisConnectionException: java.net.SocketTimeoutException: connect timed out. Trying next one.
十一月 22, 2018 10:54:54 上午 redis.clients.jedis.JedisSentinelPool initSentinels
警告: Cannot get master address from sentinel running @ 192.168.6.205:26379. Reason: redis.clients.jedis.exceptions.JedisConnectionException: java.net.ConnectException: Connection refused: connect. Trying next one.
</system-err>
  </testcase>
</testsuite>